This file contains any messages produced by compilers while
running configure, to aid debugging if configure makes a mistake.

It was created by snmptools configure 1.0, which was
generated by GNU Autoconf 2.61.  Invocation command line was

  $ ./configure --enable-gcc --enable-threads --enable-symbols --with-tcl=/usr/lib64

## --------- ##
## Platform. ##
## --------- ##

hostname = localhost
uname -m = x86_64
uname -r = 2.6.22.13-0.3-default
uname -s = Linux
uname -v = #1 SMP 2007/11/19 15:02:58 UTC

/usr/bin/uname -p = unknown
/bin/uname -X     = unknown

/bin/arch              = x86_64
/usr/bin/arch -k       = unknown
/usr/convex/getsysinfo = unknown
/usr/bin/hostinfo      = unknown
/bin/machine           = unknown
/usr/bin/oslevel       = unknown
/bin/universe          = unknown

PATH: /opt/kde3/bin
PATH: /home/alex/bin
PATH: /usr/local/bin
PATH: /usr/bin
PATH: /bin
PATH: /usr/bin/X11
PATH: /usr/X11R6/bin
PATH: /usr/games
PATH: /usr/lib/mit/bin
PATH: /usr/lib/mit/sbin
PATH: /opt/gnome/bin
PATH: /usr/lib/qt3/bin
PATH: /opt/thinlinc/bin
PATH: /usr/local/TclDevKit/bin
PATH: /usr/local/TclDevKit/bin


## ----------- ##
## Core tests. ##
## ----------- ##

configure:1770: checking for correct TEA configuration
configure:1789: result: ok (TEA 3.6)
configure:1923: checking for Tcl configuration
configure:2039: result: found /usr/lib64/tclConfig.sh
configure:2045: checking for existence of /usr/lib64/tclConfig.sh
configure:2049: result: loading
configure:2136: --prefix defaulting to TCL_PREFIX /usr
configure:2148: --exec-prefix defaulting to TCL_EXEC_PREFIX /usr
configure:2224: checking for gcc
configure:2240: found /usr/bin/gcc
configure:2251: result: gcc
configure:2489: checking for C compiler version
configure:2496: gcc --version >&5
gcc (GCC) 4.2.1 (SUSE Linux)
Copyright (C) 2007 Free Software Foundation, Inc.
This is free software; see the source for copying conditions.  There is NO
warranty; not even for MERCHANTABILITY or FITNESS FOR A PARTICULAR PURPOSE.

configure:2499: $? = 0
configure:2506: gcc -v >&5
Using built-in specs.
Target: x86_64-suse-linux
Configured with: ../configure --enable-threads=posix --prefix=/usr --with-local-prefix=/usr/local --infodir=/usr/share/info --mandir=/usr/share/man --libdir=/usr/lib64 --libexecdir=/usr/lib64 --enable-languages=c,c++,objc,fortran,obj-c++,java,ada --enable-checking=release --with-gxx-include-dir=/usr/include/c++/4.2.1 --enable-ssp --disable-libssp --disable-libgcj --with-slibdir=/lib64 --with-system-zlib --enable-shared --enable-__cxa_atexit --enable-libstdcxx-allocator=new --disable-libstdcxx-pch --program-suffix=-4.2 --enable-version-specific-runtime-libs --without-system-libunwind --with-cpu=generic --host=x86_64-suse-linux
Thread model: posix
gcc version 4.2.1 (SUSE Linux)
configure:2509: $? = 0
configure:2516: gcc -V >&5
gcc: '-V' option must have argument
configure:2519: $? = 1
configure:2542: checking for C compiler default output file name
configure:2569: gcc    conftest.c  >&5
configure:2572: $? = 0
configure:2610: result: a.out
configure:2627: checking whether the C compiler works
configure:2637: ./a.out
configure:2640: $? = 0
configure:2657: result: yes
configure:2664: checking whether we are cross compiling
configure:2666: result: no
configure:2669: checking for suffix of executables
configure:2676: gcc -o conftest    conftest.c  >&5
configure:2679: $? = 0
configure:2703: result: 
configure:2709: checking for suffix of object files
configure:2735: gcc -c   conftest.c >&5
configure:2738: $? = 0
configure:2761: result: o
configure:2765: checking whether we are using the GNU C compiler
configure:2794: gcc -c   conftest.c >&5
configure:2800: $? = 0
configure:2817: result: yes
configure:2822: checking whether gcc accepts -g
configure:2852: gcc -c -g  conftest.c >&5
configure:2858: $? = 0
configure:2957: result: yes
configure:2974: checking for gcc option to accept ISO C89
configure:3048: gcc  -c   conftest.c >&5
configure:3054: $? = 0
configure:3077: result: none needed
configure:3100: checking how to run the C preprocessor
configure:3140: gcc -E  conftest.c
configure:3146: $? = 0
configure:3177: gcc -E  conftest.c
conftest.c:8:28: error: ac_nonexistent.h: No such file or directory
configure:3183: $? = 1
configure: failed program was:
| /* confdefs.h.  */
| #define PACKAGE_NAME "snmptools"
| #define PACKAGE_TARNAME "snmptools"
| #define PACKAGE_VERSION "1.0"
| #define PACKAGE_STRING "snmptools 1.0"
| #define PACKAGE_BUGREPORT ""
| /* end confdefs.h.  */
| #include <ac_nonexistent.h>
configure:3216: result: gcc -E
configure:3245: gcc -E  conftest.c
configure:3251: $? = 0
configure:3282: gcc -E  conftest.c
conftest.c:8:28: error: ac_nonexistent.h: No such file or directory
configure:3288: $? = 1
configure: failed program was:
| /* confdefs.h.  */
| #define PACKAGE_NAME "snmptools"
| #define PACKAGE_TARNAME "snmptools"
| #define PACKAGE_VERSION "1.0"
| #define PACKAGE_STRING "snmptools 1.0"
| #define PACKAGE_BUGREPORT ""
| /* end confdefs.h.  */
| #include <ac_nonexistent.h>
configure:3339: checking for a BSD-compatible install
configure:3395: result: /usr/bin/install -c
configure:3411: checking whether make sets $(MAKE)
configure:3432: result: yes
configure:3489: checking for ranlib
configure:3505: found /usr/bin/ranlib
configure:3516: result: ranlib
configure:3552: checking for grep that handles long lines and -e
configure:3626: result: /usr/bin/grep
configure:3631: checking for egrep
configure:3709: result: /usr/bin/grep -E
configure:3714: checking for ANSI C header files
configure:3744: gcc -c   conftest.c >&5
configure:3750: $? = 0
configure:3849: gcc -o conftest    conftest.c  >&5
configure:3852: $? = 0
configure:3858: ./conftest
configure:3861: $? = 0
configure:3878: result: yes
configure:3902: checking for sys/types.h
configure:3923: gcc -c   conftest.c >&5
configure:3929: $? = 0
configure:3945: result: yes
configure:3902: checking for sys/stat.h
configure:3923: gcc -c   conftest.c >&5
configure:3929: $? = 0
configure:3945: result: yes
configure:3902: checking for stdlib.h
configure:3923: gcc -c   conftest.c >&5
configure:3929: $? = 0
configure:3945: result: yes
configure:3902: checking for string.h
configure:3923: gcc -c   conftest.c >&5
configure:3929: $? = 0
configure:3945: result: yes
configure:3902: checking for memory.h
configure:3923: gcc -c   conftest.c >&5
configure:3929: $? = 0
configure:3945: result: yes
configure:3902: checking for strings.h
configure:3923: gcc -c   conftest.c >&5
configure:3929: $? = 0
configure:3945: result: yes
configure:3902: checking for inttypes.h
configure:3923: gcc -c   conftest.c >&5
configure:3929: $? = 0
configure:3945: result: yes
configure:3902: checking for stdint.h
configure:3923: gcc -c   conftest.c >&5
configure:3929: $? = 0
configure:3945: result: yes
configure:3902: checking for unistd.h
configure:3923: gcc -c   conftest.c >&5
configure:3929: $? = 0
configure:3945: result: yes
configure:3967: checking if the compiler understands -pipe
configure:3995: gcc -c  -pipe  conftest.c >&5
configure:4001: $? = 0
configure:4017: result: yes
configure:4028: checking whether byte ordering is bigendian
configure:4061: gcc -c  -pipe  conftest.c >&5
configure:4067: $? = 0
configure:4099: gcc -c  -pipe  conftest.c >&5
conftest.c: In function 'main':
conftest.c:25: error: 'not' undeclared (first use in this function)
conftest.c:25: error: (Each undeclared identifier is reported only once
conftest.c:25: error: for each function it appears in.)
conftest.c:25: error: expected ';' before 'big'
configure:4105: $? = 1
configure: failed program was:
| /* confdefs.h.  */
| #define PACKAGE_NAME "snmptools"
| #define PACKAGE_TARNAME "snmptools"
| #define PACKAGE_VERSION "1.0"
| #define PACKAGE_STRING "snmptools 1.0"
| #define PACKAGE_BUGREPORT ""
| #define STDC_HEADERS 1
| #define HAVE_SYS_TYPES_H 1
| #define HAVE_SYS_STAT_H 1
| #define HAVE_STDLIB_H 1
| #define HAVE_STRING_H 1
| #define HAVE_MEMORY_H 1
| #define HAVE_STRINGS_H 1
| #define HAVE_INTTYPES_H 1
| #define HAVE_STDINT_H 1
| #define HAVE_UNISTD_H 1
| /* end confdefs.h.  */
| #include <sys/types.h>
| #include <sys/param.h>
| 
| int
| main ()
| {
| #if BYTE_ORDER != BIG_ENDIAN
|  not big endian
| #endif
| 
|   ;
|   return 0;
| }
configure:4245: result: no
configure:4273: checking for sin
configure:4329: gcc -o conftest  -pipe   conftest.c  >&5
conftest.c:41: warning: conflicting types for built-in function 'sin'
/tmp/ccuZjq0n.o: In function `main':
conftest.c:(.text+0xa): undefined reference to `sin'
collect2: ld returned 1 exit status
configure:4335: $? = 1
configure: failed program was:
| /* confdefs.h.  */
| #define PACKAGE_NAME "snmptools"
| #define PACKAGE_TARNAME "snmptools"
| #define PACKAGE_VERSION "1.0"
| #define PACKAGE_STRING "snmptools 1.0"
| #define PACKAGE_BUGREPORT ""
| #define STDC_HEADERS 1
| #define HAVE_SYS_TYPES_H 1
| #define HAVE_SYS_STAT_H 1
| #define HAVE_STDLIB_H 1
| #define HAVE_STRING_H 1
| #define HAVE_MEMORY_H 1
| #define HAVE_STRINGS_H 1
| #define HAVE_INTTYPES_H 1
| #define HAVE_STDINT_H 1
| #define HAVE_UNISTD_H 1
| /* end confdefs.h.  */
| /* Define sin to an innocuous variant, in case <limits.h> declares sin.
|    For example, HP-UX 11i <limits.h> declares gettimeofday.  */
| #define sin innocuous_sin
| 
| /* System header to define __stub macros and hopefully few prototypes,
|     which can conflict with char sin (); below.
|     Prefer <limits.h> to <assert.h> if __STDC__ is defined, since
|     <limits.h> exists even on freestanding compilers.  */
| 
| #ifdef __STDC__
| # include <limits.h>
| #else
| # include <assert.h>
| #endif
| 
| #undef sin
| 
| /* Override any GCC internal prototype to avoid an error.
|    Use char because int might match the return type of a GCC
|    builtin and then its argument prototype would still apply.  */
| #ifdef __cplusplus
| extern "C"
| #endif
| char sin ();
| /* The GNU C library defines this for functions which it implements
|     to always fail with ENOSYS.  Some functions are actually named
|     something starting with __ and the normal name is an alias.  */
| #if defined __stub_sin || defined __stub___sin
| choke me
| #endif
| 
| int
| main ()
| {
| return sin ();
|   ;
|   return 0;
| }
configure:4352: result: no
configure:4360: checking for main in -lieee
configure:4389: gcc -o conftest  -pipe   conftest.c -lieee   >&5
configure:4395: $? = 0
configure:4413: result: yes
configure:4425: checking for main in -linet
configure:4454: gcc -o conftest  -pipe   conftest.c -linet   >&5
/usr/lib64/gcc/x86_64-suse-linux/4.2.1/../../../../x86_64-suse-linux/bin/ld: cannot find -linet
collect2: ld returned 1 exit status
configure:4460: $? = 1
configure: failed program was:
| /* confdefs.h.  */
| #define PACKAGE_NAME "snmptools"
| #define PACKAGE_TARNAME "snmptools"
| #define PACKAGE_VERSION "1.0"
| #define PACKAGE_STRING "snmptools 1.0"
| #define PACKAGE_BUGREPORT ""
| #define STDC_HEADERS 1
| #define HAVE_SYS_TYPES_H 1
| #define HAVE_SYS_STAT_H 1
| #define HAVE_STDLIB_H 1
| #define HAVE_STRING_H 1
| #define HAVE_MEMORY_H 1
| #define HAVE_STRINGS_H 1
| #define HAVE_INTTYPES_H 1
| #define HAVE_STDINT_H 1
| #define HAVE_UNISTD_H 1
| /* end confdefs.h.  */
| 
| 
| int
| main ()
| {
| return main ();
|   ;
|   return 0;
| }
configure:4478: result: no
configure:4494: checking net/errno.h usability
configure:4511: gcc -c  -pipe  conftest.c >&5
conftest.c:51:23: error: net/errno.h: No such file or directory
configure:4517: $? = 1
configure: failed program was:
| /* confdefs.h.  */
| #define PACKAGE_NAME "snmptools"
| #define PACKAGE_TARNAME "snmptools"
| #define PACKAGE_VERSION "1.0"
| #define PACKAGE_STRING "snmptools 1.0"
| #define PACKAGE_BUGREPORT ""
| #define STDC_HEADERS 1
| #define HAVE_SYS_TYPES_H 1
| #define HAVE_SYS_STAT_H 1
| #define HAVE_STDLIB_H 1
| #define HAVE_STRING_H 1
| #define HAVE_MEMORY_H 1
| #define HAVE_STRINGS_H 1
| #define HAVE_INTTYPES_H 1
| #define HAVE_STDINT_H 1
| #define HAVE_UNISTD_H 1
| /* end confdefs.h.  */
| #include <stdio.h>
| #ifdef HAVE_SYS_TYPES_H
| # include <sys/types.h>
| #endif
| #ifdef HAVE_SYS_STAT_H
| # include <sys/stat.h>
| #endif
| #ifdef STDC_HEADERS
| # include <stdlib.h>
| # include <stddef.h>
| #else
| # ifdef HAVE_STDLIB_H
| #  include <stdlib.h>
| # endif
| #endif
| #ifdef HAVE_STRING_H
| # if !defined STDC_HEADERS && defined HAVE_MEMORY_H
| #  include <memory.h>
| # endif
| # include <string.h>
| #endif
| #ifdef HAVE_STRINGS_H
| # include <strings.h>
| #endif
| #ifdef HAVE_INTTYPES_H
| # include <inttypes.h>
| #endif
| #ifdef HAVE_STDINT_H
| # include <stdint.h>
| #endif
| #ifdef HAVE_UNISTD_H
| # include <unistd.h>
| #endif
| #include <net/errno.h>
configure:4531: result: no
configure:4535: checking net/errno.h presence
configure:4550: gcc -E  conftest.c
conftest.c:18:23: error: net/errno.h: No such file or directory
configure:4556: $? = 1
configure: failed program was:
| /* confdefs.h.  */
| #define PACKAGE_NAME "snmptools"
| #define PACKAGE_TARNAME "snmptools"
| #define PACKAGE_VERSION "1.0"
| #define PACKAGE_STRING "snmptools 1.0"
| #define PACKAGE_BUGREPORT ""
| #define STDC_HEADERS 1
| #define HAVE_SYS_TYPES_H 1
| #define HAVE_SYS_STAT_H 1
| #define HAVE_STDLIB_H 1
| #define HAVE_STRING_H 1
| #define HAVE_MEMORY_H 1
| #define HAVE_STRINGS_H 1
| #define HAVE_INTTYPES_H 1
| #define HAVE_STDINT_H 1
| #define HAVE_UNISTD_H 1
| /* end confdefs.h.  */
| #include <net/errno.h>
configure:4570: result: no
configure:4598: checking for net/errno.h
configure:4605: result: no
configure:4639: checking for connect
configure:4695: gcc -o conftest  -pipe   conftest.c  >&5
configure:4701: $? = 0
configure:4718: result: yes
configure:4972: checking for gethostbyname
configure:5028: gcc -o conftest  -pipe   conftest.c  >&5
configure:5034: $? = 0
configure:5051: result: yes
configure:5132: checking dirent.h
configure:5178: gcc -o conftest  -pipe   conftest.c  >&5
configure:5184: $? = 0
configure:5201: result: yes
configure:5223: checking errno.h usability
configure:5240: gcc -c  -pipe  conftest.c >&5
configure:5246: $? = 0
configure:5260: result: yes
configure:5264: checking errno.h presence
configure:5279: gcc -E  conftest.c
configure:5285: $? = 0
configure:5299: result: yes
configure:5327: checking for errno.h
configure:5334: result: yes
configure:5359: checking float.h usability
configure:5376: gcc -c  -pipe  conftest.c >&5
configure:5382: $? = 0
configure:5396: result: yes
configure:5400: checking float.h presence
configure:5415: gcc -E  conftest.c
configure:5421: $? = 0
configure:5435: result: yes
configure:5463: checking for float.h
configure:5470: result: yes
configure:5495: checking values.h usability
configure:5512: gcc -c  -pipe  conftest.c >&5
configure:5518: $? = 0
configure:5532: result: yes
configure:5536: checking values.h presence
configure:5551: gcc -E  conftest.c
configure:5557: $? = 0
configure:5571: result: yes
configure:5599: checking for values.h
configure:5606: result: yes
configure:5631: checking limits.h usability
configure:5648: gcc -c  -pipe  conftest.c >&5
configure:5654: $? = 0
configure:5668: result: yes
configure:5672: checking limits.h presence
configure:5687: gcc -E  conftest.c
configure:5693: $? = 0
configure:5707: result: yes
configure:5735: checking for limits.h
configure:5742: result: yes
configure:5762: checking for stdlib.h
configure:5767: result: yes
configure:5952: checking for string.h
configure:5957: result: yes
configure:6139: checking sys/wait.h usability
configure:6156: gcc -c  -pipe  conftest.c >&5
configure:6162: $? = 0
configure:6176: result: yes
configure:6180: checking sys/wait.h presence
configure:6195: gcc -E  conftest.c
configure:6201: $? = 0
configure:6215: result: yes
configure:6243: checking for sys/wait.h
configure:6250: result: yes
configure:6275: checking dlfcn.h usability
configure:6292: gcc -c  -pipe  conftest.c >&5
configure:6298: $? = 0
configure:6312: result: yes
configure:6316: checking dlfcn.h presence
configure:6331: gcc -E  conftest.c
configure:6337: $? = 0
configure:6351: result: yes
configure:6379: checking for dlfcn.h
configure:6386: result: yes
configure:6418: checking sys/param.h usability
configure:6435: gcc -c  -pipe  conftest.c >&5
configure:6441: $? = 0
configure:6455: result: yes
configure:6459: checking sys/param.h presence
configure:6474: gcc -E  conftest.c
configure:6480: $? = 0
configure:6494: result: yes
configure:6522: checking for sys/param.h
configure:6530: result: yes
configure:6718: checking for Tcl public headers
configure:6792: result: /usr/include
configure:6861: checking for pthread_mutex_init in -lpthread
configure:6896: gcc -o conftest  -pipe   conftest.c -lpthread   >&5
configure:6902: $? = 0
configure:6920: result: yes
configure:7229: checking for building with threads
configure:7237: result: yes (default)
configure:7261: WARNING:
    --enable-threads requested, but building against a Tcl that is NOT
    thread-enabled.  This is an OK configuration that will also run in
    a thread-enabled core.
configure:7278: checking how to build libraries
configure:7296: result: shared
configure:7323: checking if 64bit support is requested
configure:7332: result: no
configure:7337: checking if 64bit Sparc VIS support is requested
configure:7346: result: no
configure:7357: checking if compiler supports visibility "hidden"
configure:7387: gcc -o conftest  -pipe -Werror   conftest.c  >&5
configure:7393: $? = 0
configure:7411: result: yes
configure:7426: checking if rpath support is requested
configure:7435: result: yes
configure:7461: checking system version
configure:7492: result: Linux-2.6.22.13-0.3-default
configure:7500: checking for dlopen in -ldl
configure:7535: gcc -o conftest  -pipe   conftest.c -ldl   >&5
configure:7541: $? = 0
configure:7559: result: yes
configure:7605: checking for ar
configure:7621: found /usr/bin/ar
configure:7632: result: ar
configure:9745: checking for required early compiler flags
configure:9773: gcc -c  -pipe  conftest.c >&5
configure:9779: $? = 0
configure:9870: gcc -c  -pipe  conftest.c >&5
conftest.c: In function 'main':
conftest.c:29: error: storage size of 'buf' isn't known
configure:9876: $? = 1
configure: failed program was:
| /* confdefs.h.  */
| #define PACKAGE_NAME "snmptools"
| #define PACKAGE_TARNAME "snmptools"
| #define PACKAGE_VERSION "1.0"
| #define PACKAGE_STRING "snmptools 1.0"
| #define PACKAGE_BUGREPORT ""
| #define STDC_HEADERS 1
| #define HAVE_SYS_TYPES_H 1
| #define HAVE_SYS_STAT_H 1
| #define HAVE_STDLIB_H 1
| #define HAVE_STRING_H 1
| #define HAVE_MEMORY_H 1
| #define HAVE_STRINGS_H 1
| #define HAVE_INTTYPES_H 1
| #define HAVE_STDINT_H 1
| #define HAVE_UNISTD_H 1
| #define HAVE_LIMITS_H 1
| #define HAVE_SYS_PARAM_H 1
| #define USE_THREAD_ALLOC 1
| #define _REENTRANT 1
| #define _THREAD_SAFE 1
| #define TCL_THREADS 1
| #define MODULE_SCOPE extern __attribute__((__visibility__("hidden")))
| /* end confdefs.h.  */
| #include <sys/stat.h>
| int
| main ()
| {
| struct stat64 buf; int i = stat64("/", &buf);
|   ;
|   return 0;
| }
configure:9908: gcc -c  -pipe  conftest.c >&5
configure:9914: $? = 0
configure:9967: gcc -c  -pipe  conftest.c >&5
conftest.c: In function 'main':
conftest.c:30: error: 'open64' undeclared (first use in this function)
conftest.c:30: error: (Each undeclared identifier is reported only once
conftest.c:30: error: for each function it appears in.)
configure:9973: $? = 1
configure: failed program was:
| /* confdefs.h.  */
| #define PACKAGE_NAME "snmptools"
| #define PACKAGE_TARNAME "snmptools"
| #define PACKAGE_VERSION "1.0"
| #define PACKAGE_STRING "snmptools 1.0"
| #define PACKAGE_BUGREPORT ""
| #define STDC_HEADERS 1
| #define HAVE_SYS_TYPES_H 1
| #define HAVE_SYS_STAT_H 1
| #define HAVE_STDLIB_H 1
| #define HAVE_STRING_H 1
| #define HAVE_MEMORY_H 1
| #define HAVE_STRINGS_H 1
| #define HAVE_INTTYPES_H 1
| #define HAVE_STDINT_H 1
| #define HAVE_UNISTD_H 1
| #define HAVE_LIMITS_H 1
| #define HAVE_SYS_PARAM_H 1
| #define USE_THREAD_ALLOC 1
| #define _REENTRANT 1
| #define _THREAD_SAFE 1
| #define TCL_THREADS 1
| #define MODULE_SCOPE extern __attribute__((__visibility__("hidden")))
| #define _LARGEFILE64_SOURCE 1
| /* end confdefs.h.  */
| #include <sys/stat.h>
| int
| main ()
| {
| char *p = (char *)open64;
|   ;
|   return 0;
| }
configure:10005: gcc -c  -pipe  conftest.c >&5
conftest.c: In function 'main':
conftest.c:31: error: 'open64' undeclared (first use in this function)
conftest.c:31: error: (Each undeclared identifier is reported only once
conftest.c:31: error: for each function it appears in.)
configure:10011: $? = 1
configure: failed program was:
| /* confdefs.h.  */
| #define PACKAGE_NAME "snmptools"
| #define PACKAGE_TARNAME "snmptools"
| #define PACKAGE_VERSION "1.0"
| #define PACKAGE_STRING "snmptools 1.0"
| #define PACKAGE_BUGREPORT ""
| #define STDC_HEADERS 1
| #define HAVE_SYS_TYPES_H 1
| #define HAVE_SYS_STAT_H 1
| #define HAVE_STDLIB_H 1
| #define HAVE_STRING_H 1
| #define HAVE_MEMORY_H 1
| #define HAVE_STRINGS_H 1
| #define HAVE_INTTYPES_H 1
| #define HAVE_STDINT_H 1
| #define HAVE_UNISTD_H 1
| #define HAVE_LIMITS_H 1
| #define HAVE_SYS_PARAM_H 1
| #define USE_THREAD_ALLOC 1
| #define _REENTRANT 1
| #define _THREAD_SAFE 1
| #define TCL_THREADS 1
| #define MODULE_SCOPE extern __attribute__((__visibility__("hidden")))
| #define _LARGEFILE64_SOURCE 1
| /* end confdefs.h.  */
| #define _LARGEFILE_SOURCE64 1
| #include <sys/stat.h>
| int
| main ()
| {
| char *p = (char *)open64;
|   ;
|   return 0;
| }
configure:10043: result:  _LARGEFILE64_SOURCE
configure:10048: checking for 64-bit integer type
configure:10077: gcc -c  -pipe  conftest.c >&5
conftest.c: In function 'main':
conftest.c:30: error: '__int64' undeclared (first use in this function)
conftest.c:30: error: (Each undeclared identifier is reported only once
conftest.c:30: error: for each function it appears in.)
conftest.c:30: error: expected ';' before 'value'
configure:10083: $? = 1
configure: failed program was:
| /* confdefs.h.  */
| #define PACKAGE_NAME "snmptools"
| #define PACKAGE_TARNAME "snmptools"
| #define PACKAGE_VERSION "1.0"
| #define PACKAGE_STRING "snmptools 1.0"
| #define PACKAGE_BUGREPORT ""
| #define STDC_HEADERS 1
| #define HAVE_SYS_TYPES_H 1
| #define HAVE_SYS_STAT_H 1
| #define HAVE_STDLIB_H 1
| #define HAVE_STRING_H 1
| #define HAVE_MEMORY_H 1
| #define HAVE_STRINGS_H 1
| #define HAVE_INTTYPES_H 1
| #define HAVE_STDINT_H 1
| #define HAVE_UNISTD_H 1
| #define HAVE_LIMITS_H 1
| #define HAVE_SYS_PARAM_H 1
| #define USE_THREAD_ALLOC 1
| #define _REENTRANT 1
| #define _THREAD_SAFE 1
| #define TCL_THREADS 1
| #define MODULE_SCOPE extern __attribute__((__visibility__("hidden")))
| #define _LARGEFILE64_SOURCE 1
| /* end confdefs.h.  */
| 
| int
| main ()
| {
| __int64 value = (__int64) 0;
|   ;
|   return 0;
| }
configure:10123: gcc -c  -pipe  conftest.c >&5
conftest.c: In function 'main':
conftest.c:31: error: duplicate case value
conftest.c:31: error: previously used here
configure:10129: $? = 1
configure: failed program was:
| /* confdefs.h.  */
| #define PACKAGE_NAME "snmptools"
| #define PACKAGE_TARNAME "snmptools"
| #define PACKAGE_VERSION "1.0"
| #define PACKAGE_STRING "snmptools 1.0"
| #define PACKAGE_BUGREPORT ""
| #define STDC_HEADERS 1
| #define HAVE_SYS_TYPES_H 1
| #define HAVE_SYS_STAT_H 1
| #define HAVE_STDLIB_H 1
| #define HAVE_STRING_H 1
| #define HAVE_MEMORY_H 1
| #define HAVE_STRINGS_H 1
| #define HAVE_INTTYPES_H 1
| #define HAVE_STDINT_H 1
| #define HAVE_UNISTD_H 1
| #define HAVE_LIMITS_H 1
| #define HAVE_SYS_PARAM_H 1
| #define USE_THREAD_ALLOC 1
| #define _REENTRANT 1
| #define _THREAD_SAFE 1
| #define TCL_THREADS 1
| #define MODULE_SCOPE extern __attribute__((__visibility__("hidden")))
| #define _LARGEFILE64_SOURCE 1
| /* end confdefs.h.  */
| 
| int
| main ()
| {
| switch (0) {
|             case 1: case (sizeof(long long)==sizeof(long)): ;
|         }
|   ;
|   return 0;
| }
configure:10151: result: using long
configure:10456: checking for build with symbols
configure:10475: result: yes (standard debugging)
configure:10608: checking for tclsh
configure:10635: result: /usr/bin/tclsh8.4
configure:10780: creating ./config.status

## ---------------------- ##
## Running config.status. ##
## ---------------------- ##

This file was extended by snmptools config.status 1.0, which was
generated by GNU Autoconf 2.61.  Invocation command line was

  CONFIG_FILES    = 
  CONFIG_HEADERS  = 
  CONFIG_LINKS    = 
  CONFIG_COMMANDS = 
  $ ./config.status 

on localhost

config.status:635: creating Makefile
config.status:635: creating pkgIndex.tcl

## ---------------- ##
## Cache variables. ##
## ---------------- ##

ac_cv_c_bigendian=no
ac_cv_c_compiler_gnu=yes
ac_cv_c_tclconfig=/usr/lib64
ac_cv_c_tclh=/usr/include
ac_cv_env_CC_set=
ac_cv_env_CC_value=
ac_cv_env_CFLAGS_set=
ac_cv_env_CFLAGS_value=
ac_cv_env_CPPFLAGS_set=
ac_cv_env_CPPFLAGS_value=
ac_cv_env_CPP_set=
ac_cv_env_CPP_value=
ac_cv_env_LDFLAGS_set=
ac_cv_env_LDFLAGS_value=
ac_cv_env_LIBS_set=
ac_cv_env_LIBS_value=
ac_cv_env_build_alias_set=
ac_cv_env_build_alias_value=
ac_cv_env_host_alias_set=
ac_cv_env_host_alias_value=
ac_cv_env_target_alias_set=
ac_cv_env_target_alias_value=
ac_cv_func_connect=yes
ac_cv_func_gethostbyname=yes
ac_cv_func_sin=no
ac_cv_header_dlfcn_h=yes
ac_cv_header_errno_h=yes
ac_cv_header_float_h=yes
ac_cv_header_inttypes_h=yes
ac_cv_header_limits_h=yes
ac_cv_header_memory_h=yes
ac_cv_header_net_errno_h=no
ac_cv_header_stdc=yes
ac_cv_header_stdint_h=yes
ac_cv_header_stdlib_h=yes
ac_cv_header_string_h=yes
ac_cv_header_strings_h=yes
ac_cv_header_sys_param_h=yes
ac_cv_header_sys_stat_h=yes
ac_cv_header_sys_types_h=yes
ac_cv_header_sys_wait_h=yes
ac_cv_header_unistd_h=yes
ac_cv_header_values_h=yes
ac_cv_lib_dl_dlopen=yes
ac_cv_lib_ieee_main=yes
ac_cv_lib_inet_main=no
ac_cv_lib_pthread_pthread_mutex_init=yes
ac_cv_objext=o
ac_cv_path_EGREP='/usr/bin/grep -E'
ac_cv_path_GREP=/usr/bin/grep
ac_cv_path_install='/usr/bin/install -c'
ac_cv_prog_AR=ar
ac_cv_prog_CPP='gcc -E'
ac_cv_prog_ac_ct_CC=gcc
ac_cv_prog_ac_ct_RANLIB=ranlib
ac_cv_prog_cc_c89=
ac_cv_prog_cc_g=yes
ac_cv_prog_make_make_set=yes
tcl_cv_cc_pipe=yes
tcl_cv_cc_visibility_hidden=yes
tcl_cv_dirent_h=yes
tcl_cv_flag__isoc99_source=no
tcl_cv_flag__largefile64_source=yes
tcl_cv_flag__largefile_source64=no
tcl_cv_sys_version=Linux-2.6.22.13-0.3-default
tcl_cv_type_64bit=none

## ----------------- ##
## Output variables. ##
## ----------------- ##

AR='ar'
CC='gcc'
CELIB_DIR=''
CFLAGS=' -pipe ${CFLAGS_DEFAULT} ${CFLAGS_WARNING} ${SHLIB_CFLAGS} '
CFLAGS_DEBUG='-g'
CFLAGS_DEFAULT='-g'
CFLAGS_OPTIMIZE='-O2 -fomit-frame-pointer'
CFLAGS_WARNING='-Wall -Wno-implicit-int'
CLEANFILES=''
CPP='gcc -E'
CPPFLAGS=''
CYGPATH='echo'
DEFS='-DPACKAGE_NAME=\"snmptools\" -DPACKAGE_TARNAME=\"snmptools\" -DPACKAGE_VERSION=\"1.0\" -DPACKAGE_STRING=\"snmptools\ 1.0\" -DPACKAGE_BUGREPORT=\"\" -DSTDC_HEADERS=1 -DHAVE_SYS_TYPES_H=1 -DHAVE_SYS_STAT_H=1 -DHAVE_STDLIB_H=1 -DHAVE_STRING_H=1 -DHAVE_MEMORY_H=1 -DHAVE_STRINGS_H=1 -DHAVE_INTTYPES_H=1 -DHAVE_STDINT_H=1 -DHAVE_UNISTD_H=1 -DHAVE_LIMITS_H=1 -DHAVE_SYS_PARAM_H=1 -DUSE_THREAD_ALLOC=1 -D_REENTRANT=1 -D_THREAD_SAFE=1 -DTCL_THREADS=1 -DMODULE_SCOPE=extern\ __attribute__\(\(__visibility__\(\"hidden\"\)\)\) -D_LARGEFILE64_SOURCE=1 -DTCL_WIDE_INT_IS_LONG=1 -DUSE_TCL_STUBS=1'
DL_LIBS='-ldl'
ECHO_C=''
ECHO_N='-n'
ECHO_T=''
EGREP='/usr/bin/grep -E'
EXEEXT=''
GREP='/usr/bin/grep'
INSTALL_DATA='${INSTALL} -m 644'
INSTALL_PROGRAM='${INSTALL}'
INSTALL_SCRIPT='${INSTALL}'
LDFLAGS=' -Wl,--export-dynamic '
LDFLAGS_DEFAULT=' -Wl,--export-dynamic '
LD_LIBRARY_PATH_VAR='LD_LIBRARY_PATH'
LIBOBJS=''
LIBS=''
LTLIBOBJS=''
MAKE_LIB='${SHLIB_LD} -o $@ $(PKG_OBJECTS) ${SHLIB_LD_LIBS} '
MAKE_SHARED_LIB='${SHLIB_LD} -o $@ $(PKG_OBJECTS) ${SHLIB_LD_LIBS}'
MAKE_STATIC_LIB='${STLIB_LD} $@ $(PKG_OBJECTS)'
MAKE_STUB_LIB='${STLIB_LD} $@ $(PKG_STUB_OBJECTS)'
MATH_LIBS='-lieee -lm'
OBJEXT='o'
PACKAGE_BUGREPORT=''
PACKAGE_NAME='snmptools'
PACKAGE_STRING='snmptools 1.0'
PACKAGE_TARNAME='snmptools'
PACKAGE_VERSION='1.0'
PATH_SEPARATOR=':'
PKG_CFLAGS=' '
PKG_HEADERS=''
PKG_INCLUDES=''
PKG_LIBS=' -lnetsnmp'
PKG_LIB_FILE='libsnmptools1.0.so'
PKG_OBJECTS=' snmptools.o util.o netsnmp.o snmpsession.o snmpclose.o snmpget.o snmpset.o snmpgetnext.o snmpwalk.o snmptrap.o snmptranslate.o snmpbulkget.o snmpbulkwalk.o snmptable.o'
PKG_SOURCES=' snmptools.c util.c netsnmp.c snmpsession.c snmpclose.c snmpget.c snmpset.c snmpgetnext.c snmpwalk.c snmptrap.c snmptranslate.c snmpbulkget.c snmpbulkwalk.c snmptable.c'
PKG_STUB_LIB_FILE='libsnmptoolsstub1.0.a'
PKG_STUB_OBJECTS=''
PKG_STUB_SOURCES=''
PKG_TCL_SOURCES=''
RANLIB=':'
RANLIB_STUB='ranlib'
SET_MAKE=''
SHARED_BUILD='1'
SHELL='/bin/sh'
SHLIB_CFLAGS='-fPIC'
SHLIB_LD='${CC} -shared ${CFLAGS} ${LDFLAGS_DEFAULT}'
SHLIB_LD_LIBS='${LIBS} -L/usr/lib64 -ltclstub8.4'
STLIB_LD='${AR} cr'
TCLSH_PROG='/usr/bin/tclsh8.4'
TCL_BIN_DIR='/usr/lib64'
TCL_DBGX=''
TCL_DEFS='-DPACKAGE_NAME=\"\" -DPACKAGE_TARNAME=\"\" -DPACKAGE_VERSION=\"\" -DPACKAGE_STRING=\"\" -DPACKAGE_BUGREPORT=\"\" -DSTDC_HEADERS=1 -DHAVE_SYS_TYPES_H=1 -DHAVE_SYS_STAT_H=1 -DHAVE_STDLIB_H=1 -DHAVE_STRING_H=1 -DHAVE_MEMORY_H=1 -DHAVE_STRINGS_H=1 -DHAVE_INTTYPES_H=1 -DHAVE_STDINT_H=1 -DHAVE_UNISTD_H=1 -DHAVE_LIMITS_H=1 -DHAVE_UNISTD_H=1 -DHAVE_SYS_PARAM_H=1 -DPEEK_XCLOSEIM=1 -D_LARGEFILE64_SOURCE=1 -DTCL_WIDE_INT_IS_LONG=1 -DHAVE_GETCWD=1 -DHAVE_OPENDIR=1 -DHAVE_STRSTR=1 -DHAVE_STRTOL=1 -DHAVE_STRTOLL=1 -DHAVE_STRTOULL=1 -DHAVE_TMPNAM=1 -DHAVE_WAITPID=1 -DUSE_TERMIOS=1 -DHAVE_SYS_TIME_H=1 -DTIME_WITH_SYS_TIME=1 -DHAVE_STRUCT_TM_TM_ZONE=1 -DHAVE_TM_ZONE=1 -DHAVE_GMTIME_R=1 -DHAVE_LOCALTIME_R=1 -DHAVE_TM_GMTOFF=1 -DHAVE_TIMEZONE_VAR=1 -DHAVE_STRUCT_STAT_ST_BLKSIZE=1 -DHAVE_ST_BLKSIZE=1 -DHAVE_SIGNED_CHAR=1 -DHAVE_LANGINFO=1 -DHAVE_SYS_IOCTL_H=1'
TCL_EXTRA_CFLAGS=' -pipe '
TCL_INCLUDES='-I"/usr/include"'
TCL_LD_FLAGS=' -Wl,--export-dynamic'
TCL_LIBS='${DL_LIBS} ${LIBS} ${MATH_LIBS}'
TCL_LIB_FILE='libtcl8.4.so'
TCL_LIB_FLAG='-ltcl8.4'
TCL_LIB_SPEC='-L/usr/lib64 -ltcl8.4'
TCL_SHLIB_LD_LIBS='${LIBS}'
TCL_SRC_DIR='/usr/src/packages/BUILD/tcl8.4.15'
TCL_STUB_LIB_FILE='libtclstub8.4.a'
TCL_STUB_LIB_FLAG='-ltclstub8.4'
TCL_STUB_LIB_SPEC='-L/usr/lib64 -ltclstub8.4'
TCL_THREADS='1'
TCL_VERSION='8.4'
ac_ct_CC='gcc'
bindir='${exec_prefix}/bin'
build_alias=''
datadir='${datarootdir}'
datarootdir='${prefix}/share'
docdir='${datarootdir}/doc/${PACKAGE_TARNAME}'
dvidir='${docdir}'
exec_prefix='/usr'
host_alias=''
htmldir='${docdir}'
includedir='${prefix}/include'
infodir='${datarootdir}/info'
libdir='${exec_prefix}/lib'
libexecdir='${exec_prefix}/libexec'
localedir='${datarootdir}/locale'
localstatedir='${prefix}/var'
mandir='${datarootdir}/man'
oldincludedir='/usr/include'
pdfdir='${docdir}'
prefix='/usr'
program_transform_name='s,x,x,'
psdir='${docdir}'
sbindir='${exec_prefix}/sbin'
sharedstatedir='${prefix}/com'
sysconfdir='${prefix}/etc'
target_alias=''

## ----------- ##
## confdefs.h. ##
## ----------- ##

#define PACKAGE_NAME "snmptools"
#define PACKAGE_TARNAME "snmptools"
#define PACKAGE_VERSION "1.0"
#define PACKAGE_STRING "snmptools 1.0"
#define PACKAGE_BUGREPORT ""
#define STDC_HEADERS 1
#define HAVE_SYS_TYPES_H 1
#define HAVE_SYS_STAT_H 1
#define HAVE_STDLIB_H 1
#define HAVE_STRING_H 1
#define HAVE_MEMORY_H 1
#define HAVE_STRINGS_H 1
#define HAVE_INTTYPES_H 1
#define HAVE_STDINT_H 1
#define HAVE_UNISTD_H 1
#define HAVE_LIMITS_H 1
#define HAVE_SYS_PARAM_H 1
#define USE_THREAD_ALLOC 1
#define _REENTRANT 1
#define _THREAD_SAFE 1
#define TCL_THREADS 1
#define MODULE_SCOPE extern __attribute__((__visibility__("hidden")))
#define _LARGEFILE64_SOURCE 1
#define TCL_WIDE_INT_IS_LONG 1
#define USE_TCL_STUBS 1

configure: exit 0
